<?xml version="1.0" encoding="UTF-8"?>
<!-- Generated by org.testng.reporters.JUnitReportReporter -->
<testsuite skipped="0" hostname="Dell" name="hospitalManagementPack.HospitalManagementPatientlogin" tests="3" failures="0" timestamp="2020-08-28T13:30:43 IST" time="17.166" errors="0">
  <testcase name="patientlogin" time="8.379" classname="hospitalManagementPack.HospitalManagementPatientlogin"/>
  <system-out/>
  <testcase name="dashBoardValidation" time="7.302" classname="hospitalManagementPack.HospitalManagementPatientlogin"/>
  <system-out/>
  <testcase name="appointmentHistoryValidation" time="1.485" classname="hospitalManagementPack.HospitalManagementPatientlogin"/>
  <system-out/>
</testsuite> <!-- hospitalManagementPack.HospitalManagementPatientlogin -->
