<?xml version="1.0" encoding="UTF-8"?>
<!-- Generated by org.testng.reporters.JUnitReportReporter -->
<testsuite skipped="0" hostname="Dell" name="hospitalManagementPack.Patientlogin" tests="5" failures="0" timestamp="2020-08-28T17:49:38 IST" time="35.586" errors="0">
  <testcase name="patientlogin" time="8.425" classname="hospitalManagementPack.Patientlogin"/>
  <system-out/>
  <testcase name="dashBoardValidation" time="11.794" classname="hospitalManagementPack.Patientlogin"/>
  <system-out/>
  <testcase name="bookAppointmentValidation" time="9.685" classname="hospitalManagementPack.Patientlogin"/>
  <system-out/>
  <testcase name="appointmentHistoryValidation" time="2.362" classname="hospitalManagementPack.Patientlogin"/>
  <system-out/>
  <testcase name="MedicalHistoryValidation" time="3.320" classname="hospitalManagementPack.Patientlogin"/>
  <system-out/>
</testsuite> <!-- hospitalManagementPack.Patientlogin -->
